Build started 2/8/2016 12:28:51 PM.
     1>Project "F:\Dropbox\Dropbox\Conquers\CS440\CS440\CS440.vcxproj" on node 2 (Build target(s)).
     1>ClCompile:
         F:\Visual Studio\VC\bin\CL.exe /c /I"F:\Dropbox\Dropbox\Conquers\CS440\\SFML-2.3.2\include" /ZI /nologo /W3 /WX- /sdl /Od /Oy- /D _MBCS /Gm /EHsc /RTC1 /MDd /GS /fp:precise /Zc:wchar_t /Zc:forScope /Fo"Debug\\" /Fd"Debug\vc120.pdb" /Gd /TP /analyze- /errorReport:prompt Debug.cpp
         Debug.cpp
       Link:
         F:\Visual Studio\VC\bin\link.exe /ERRORREPORT:PROMPT /OUT:"F:\Dropbox\Dropbox\Conquers\CS440\Debug\CS440.exe" /INCREMENTAL /NOLOGO /LIBPATH:"F:\Dropbox\Dropbox\Conquers\CS440\\SFML-2.3.2\lib" "sfml-graphics.lib" "sfml-window.lib" "sfml-system.lib" kernel32.lib user32.lib gdi32.lib winspool.lib comdlg32.lib advapi32.lib shell32.lib ole32.lib oleaut32.lib uuid.lib odbc32.lib odbccp32.lib /MANIFEST /MANIFESTUAC:"level='asInvoker' uiAccess='false'" /manifest:embed /DEBUG /PDB:"F:\Dropbox\Dropbox\Conquers\CS440\Debug\CS440.pdb" /TLBID:1 /DYNAMICBASE /NXCOMPAT /IMPLIB:"F:\Dropbox\Dropbox\Conquers\CS440\Debug\CS440.lib" /MACHINE:X86 Debug\Debug.obj
         Debug\main.obj
     1>main.obj : error LNK2019: unresolved external symbol "public: __thiscall Menu::Menu(float,float)" (??0Menu@@QAE@MM@Z) referenced in function _main
     1>main.obj : error LNK2019: unresolved external symbol "public: __thiscall Menu::~Menu(void)" (??1Menu@@QAE@XZ) referenced in function _main
     1>main.obj : error LNK2019: unresolved external symbol "public: void __thiscall Menu::draw(class sf::RenderWindow &)" (?draw@Menu@@QAEXAAVRenderWindow@sf@@@Z) referenced in function _main
     1>main.obj : error LNK2019: unresolved external symbol "public: void __thiscall Menu::W_ButtonPress(void)" (?W_ButtonPress@Menu@@QAEXXZ) referenced in function _main
     1>main.obj : error LNK2019: unresolved external symbol "public: void __thiscall Menu::S_ButtonPress(void)" (?S_ButtonPress@Menu@@QAEXXZ) referenced in function _main
     1>F:\Dropbox\Dropbox\Conquers\CS440\Debug\CS440.exe : fatal error LNK1120: 5 unresolved externals
     1>Done Building Project "F:\Dropbox\Dropbox\Conquers\CS440\CS440\CS440.vcxproj" (Build target(s)) -- FAILED.

Build FAILED.

Time Elapsed 00:00:02.36
